  main.cpp
C:\Users\nera\Desktop\!!!!main!!!!\ОТКАТ2\main\main\main.cpp(41,7): warning C4244: =: преобразование "int" в "float", возможна потеря данных
C:\Users\nera\Desktop\!!!!main!!!!\ОТКАТ2\main\main\main.cpp(41,14): warning C4244: =: преобразование "int" в "float", возможна потеря данных
C:\Users\nera\Desktop\!!!!main!!!!\ОТКАТ2\main\main\main.cpp(42,42): warning C4244: аргумент: преобразование "float" в "T", возможна потеря данных
          with
          [
              T=int
          ]
C:\Users\nera\Desktop\!!!!main!!!!\ОТКАТ2\main\main\main.cpp(42,39): warning C4244: аргумент: преобразование "float" в "T", возможна потеря данных
          with
          [
              T=int
          ]
C:\Users\nera\Desktop\!!!!main!!!!\ОТКАТ2\main\main\main.cpp(52,42): warning C4244: аргумент: преобразование "float" в "T", возможна потеря данных
          with
          [
              T=int
          ]
C:\Users\nera\Desktop\!!!!main!!!!\ОТКАТ2\main\main\main.cpp(52,39): warning C4244: аргумент: преобразование "float" в "T", возможна потеря данных
          with
          [
              T=int
          ]
C:\Users\nera\Desktop\!!!!main!!!!\ОТКАТ2\main\main\main.cpp(99,14): warning C4244: инициализация: преобразование "float" в "int", возможна потеря данных
C:\Users\nera\Desktop\!!!!main!!!!\ОТКАТ2\main\main\main.cpp(100,15): warning C4244: инициализация: преобразование "float" в "int", возможна потеря данных
C:\Users\nera\Desktop\!!!!main!!!!\ОТКАТ2\main\main\main.cpp(110,18): warning C4244: =: преобразование "int" в "float", возможна потеря данных
C:\Users\nera\Desktop\!!!!main!!!!\ОТКАТ2\main\main\main.cpp(118,18): warning C4244: =: преобразование "int" в "float", возможна потеря данных
C:\Users\nera\Desktop\!!!!main!!!!\ОТКАТ2\main\main\main.cpp(166,9): warning C4305: =: усечение из "double" в "float"
C:\Users\nera\Desktop\!!!!main!!!!\ОТКАТ2\main\main\main.cpp(171,14): warning C4244: инициализация: преобразование "float" в "int", возможна потеря данных
C:\Users\nera\Desktop\!!!!main!!!!\ОТКАТ2\main\main\main.cpp(172,15): warning C4244: инициализация: преобразование "float" в "int", возможна потеря данных
C:\Users\nera\Desktop\!!!!main!!!!\ОТКАТ2\main\main\main.cpp(179,18): warning C4244: =: преобразование "int" в "float", возможна потеря данных
C:\Users\nera\Desktop\!!!!main!!!!\ОТКАТ2\main\main\main.cpp(184,18): warning C4244: =: преобразование "int" в "float", возможна потеря данных
C:\Users\nera\Desktop\!!!!main!!!!\ОТКАТ2\main\main\main.cpp(189,18): warning C4244: =: преобразование "int" в "float", возможна потеря данных
C:\Users\nera\Desktop\!!!!main!!!!\ОТКАТ2\main\main\main.cpp(194,18): warning C4244: =: преобразование "int" в "float", возможна потеря данных
C:\Users\nera\Desktop\!!!!main!!!!\ОТКАТ2\main\main\main.cpp(225,20): warning C4244: =: преобразование "double" в "float", возможна потеря данных
C:\Users\nera\Desktop\!!!!main!!!!\ОТКАТ2\main\main\main.cpp(226,20): warning C4244: =: преобразование "double" в "float", возможна потеря данных
C:\Users\nera\Desktop\!!!!main!!!!\ОТКАТ2\main\main\main.cpp(240,11): warning C4305: =: усечение из "double" в "float"
C:\Users\nera\Desktop\!!!!main!!!!\ОТКАТ2\main\main\main.cpp(245,29): warning C4244: аргумент: преобразование "int" в "float", возможна потеря данных
C:\Users\nera\Desktop\!!!!main!!!!\ОТКАТ2\main\main\main.cpp(245,22): warning C4244: аргумент: преобразование "int" в "float", возможна потеря данных
C:\Users\nera\Desktop\!!!!main!!!!\ОТКАТ2\main\main\main.cpp(262,12): warning C4244: аргумент: преобразование "time_t" в "unsigned int", возможна потеря данных
C:\Users\nera\Desktop\!!!!main!!!!\ОТКАТ2\main\main\main.cpp(322,14): warning C4244: инициализация: преобразование "sf::Int64" в "float", возможна потеря данных
C:\Users\nera\Desktop\!!!!main!!!!\ОТКАТ2\main\main\main.cpp(325,55): warning C4244: =: преобразование "float" в "int", возможна потеря данных
C:\Users\nera\Desktop\!!!!main!!!!\ОТКАТ2\main\main\main.cpp(347,20): warning C4244: =: преобразование "int" в "float", возможна потеря данных
C:\Users\nera\Desktop\!!!!main!!!!\ОТКАТ2\main\main\main.cpp(449,36): warning C4305: =: усечение из "double" в "float"
C:\Users\nera\Desktop\!!!!main!!!!\ОТКАТ2\main\main\main.cpp(452,36): warning C4305: =: усечение из "double" в "float"
C:\Users\nera\Desktop\!!!!main!!!!\ОТКАТ2\main\main\main.cpp(455,36): warning C4305: =: усечение из "double" в "float"
C:\Users\nera\Desktop\!!!!main!!!!\ОТКАТ2\main\main\main.cpp(458,36): warning C4305: =: усечение из "double" в "float"
C:\Users\nera\Desktop\!!!!main!!!!\ОТКАТ2\main\main\main.cpp(467,19): warning C4244: инициализация: преобразование "double" в "float", возможна потеря данных
C:\Users\nera\Desktop\!!!!main!!!!\ОТКАТ2\main\main\main.cpp(489,33): warning C4244: аргумент: преобразование "int" в "float", возможна потеря данных
C:\Users\nera\Desktop\!!!!main!!!!\ОТКАТ2\main\main\main.cpp(489,25): warning C4244: аргумент: преобразование "int" в "float", возможна потеря данных
C:\Program Files\Microsoft Visual Studio\2022\Community\VC\Tools\MSVC\14.37.32822\include\xmemory(719,103): warning C4244: аргумент: преобразование "int" в "float", возможна потеря данных
C:\Program Files\Microsoft Visual Studio\2022\Community\VC\Tools\MSVC\14.37.32822\include\vector(800,27): message : выполняется компиляция ссылки на экземпляр шаблон функции "void std::_Default_allocator_traits<_Alloc>::construct<_Ty,sf::Texture&,int&,int&,int,int,const char(&)[6]>(_Alloc &,_Objty *const ,sf::Texture &,int &,int &,int &&,int &&,const char (&)[6])"
          with
          [
              _Alloc=std::allocator<Enemy>,
              _Ty=Enemy,
              _Objty=Enemy
          ]
C:\Program Files\Microsoft Visual Studio\2022\Community\VC\Tools\MSVC\14.37.32822\include\vector(782,20): message : выполняется компиляция ссылки на экземпляр шаблон функции "_Ty &std::vector<_Ty,std::allocator<_Ty>>::_Emplace_back_with_unused_capacity<sf::Texture&,int&,int&,int,int,const char(&)[6]>(sf::Texture &,int &,int &,int &&,int &&,const char (&)[6])"
          with
          [
              _Ty=Enemy
          ]
C:\Program Files\Microsoft Visual Studio\2022\Community\VC\Tools\MSVC\14.37.32822\include\vector(864,24): message : выполняется компиляция ссылки на экземпляр шаблон функции "_Ty &std::vector<_Ty,std::allocator<_Ty>>::_Emplace_one_at_back<sf::Texture&,int&,int&,int,int,const char(&)[6]>(sf::Texture &,int &,int &,int &&,int &&,const char (&)[6])"
          with
          [
              _Ty=Enemy
          ]
C:\Users\nera\Desktop\!!!!main!!!!\ОТКАТ2\main\main\main.cpp(341,11): message : выполняется компиляция ссылки на экземпляр шаблон функции "void std::vector<Enemy,std::allocator<Enemy>>::emplace_back<sf::Texture&,int&,int&,int,int,const char(&)[6]>(sf::Texture &,int &,int &,int &&,int &&,const char (&)[6])"
  main.vcxproj -> C:\Users\nera\Desktop\!!!!main!!!!\ОТКАТ2\main\x64\Debug\Game.exe

Итоги по проекту:
      979 мс вызовов   1 C:\Users\nera\Desktop\!!!!main!!!!\ОТКАТ2\main\main\main.vcxproj
                979 мс вызовов   1 Build                                   

Итоги по целям:
        0 мс вызовов   1 AfterBuildCompileEvent                  
        0 мс вызовов   1 _ALink                                  
        0 мс вызовов   1 _Link                                   
        0 мс вызовов   1 AfterLink                               
        0 мс вызовов   1 PreLinkEvent                            
        0 мс вызовов   1 DoLinkOutputFilesMatch                  
        0 мс вызовов   1 PrepareResourceNames                    
        0 мс вызовов   1 CreateCustomManifestResourceNames       
        0 мс вызовов   1 SplitResourcesByCulture                 
        0 мс вызовов   1 ComputeManifestInputsTargets            
        0 мс вызовов   1 ComputeLinkInputsFromProject            
        0 мс вызовов   1 _Manifest                               
        0 мс вызовов   1 ComputeCLGeneratedLinkInputs            
        0 мс вызовов   1 ComputeRCGeneratedLinkInputs            
        0 мс вызовов   1 ComputeRCOutputs                        
        0 мс вызовов   1 BeforeLink                              
        0 мс вызовов   1 ComputeLegacyManifestEmbedding          
        0 мс вызовов   1 BuildLinkTraverse                       
        0 мс вызовов   1 BuildCompile                            
        0 мс вызовов   1 _BuildCompileAction                     
        0 мс вызовов   1 _ResourceCompile                        
        0 мс вызовов   1 AfterResourceCompile                    
        0 мс вызовов   1 BeforeResourceCompile                   
        0 мс вызовов   1 ComputeManifestGeneratedLinkerInputs    
        0 мс вызовов   1 RegisterOutput                          
        0 мс вызовов   1 ResolvedXDCMake                         
        0 мс вызовов   1 ComputeCLCompileGeneratedXDCFiles       
        0 мс вызовов   1 AfterBuild                              
        0 мс вызовов   1 BuildLink                               
        0 мс вызовов   1 _BuildLinkAction                        
        0 мс вызовов   1 PostBuildEvent                          
        0 мс вызовов   1 PrepareForRun                           
        0 мс вызовов   1 CopyFilesToOutputDirectory              
        0 мс вызовов   1 _CheckForCompileOutputs                 
        0 мс вызовов   1 _CopySourceItemsToOutputDirectory       
        0 мс вызовов   1 _GetCopyToOutputDirectoryItemsFromThisProject
        0 мс вызовов   1 _GetCopyToOutputDirectoryItemsFromTransitiveProjectReferences
        0 мс вызовов   1 GetCopyToOutputDirectoryXamlAppDefs     
        0 мс вызовов   1 _PopulateCommonStateForGetCopyToOutputDirectoryItems
        0 мс вызовов   1 _Deploy                                 
        0 мс вызовов   1 _Appverifier                            
        0 мс вызовов   1 CreateSatelliteAssemblies               
        0 мс вызовов   1 _GenerateSatelliteAssemblyInputs        
        0 мс вызовов   1 MakeDirsForFxc                          
        0 мс вызовов   1 SatelliteDllsProjectOutputGroup         
        0 мс вызовов   1 _BscMake                                
        0 мс вызовов   1 MakeDirsForBscMake                      
        0 мс вызовов   1 ComputeCLCompileGeneratedSbrFiles       
        0 мс вызовов   1 _XdcMake                                
        0 мс вызовов   1 MakeDirsForXdcMake                      
        0 мс вызовов   1 _ClCompile                              
        0 мс вызовов   1 AfterClCompile                          
        0 мс вызовов   1 Build                                   
        0 мс вызовов   1 BeforeBuildGenerateSources              
        0 мс вызовов   1 _PrepareForReferenceResolution          
        0 мс вызовов   1 _SelectedFiles                          
        0 мс вызовов   1 PreBuildEvent                           
        0 мс вызовов   1 SelectClCompile                         
        0 мс вызовов   1 BuildGenerateSourcesTraverse            
        0 мс вызовов   1 ResolveReferences                       
        0 мс вызовов   1 AfterResolveReferences                  
        0 мс вызовов   1 ResolveAssemblyReferences               
        0 мс вызовов   1 ExpandSDKReferences                     
        0 мс вызовов   1 ResolveSDKReferences                    
        0 мс вызовов   1 SetCABuildNativeEnvironmentVariables    
        0 мс вызовов   1 _CheckWindowsSDKInstalled               
        0 мс вызовов   1 GetResolvedWinMD                        
        0 мс вызовов   1 SetBuildDefaultEnvironmentVariables     
        0 мс вызовов   1 GetReferenceAssemblyPaths               
        0 мс вызовов   1 GetFrameworkPaths                       
        0 мс вызовов   1 ResolveProjectReferences                
        0 мс вызовов   1 PrepareProjectReferences                
        0 мс вызовов   1 _AddOutputPathToGlobalPropertiesToRemove
        0 мс вызовов   1 _SplitProjectReferencesByFileExistence  
        0 мс вызовов   1 BeforeResolveReferences                 
        0 мс вызовов   1 ComputeCustomBuildOutput                
        0 мс вызовов   1 CopyFileToFolders                       
        0 мс вызовов   1 SelectCustomBuild                       
        0 мс вызовов   1 _Xsd                                    
        0 мс вызовов   1 BuildGenerateSources                    
        0 мс вызовов   1 _BuildGenerateSourcesAction             
        0 мс вызовов   1 AfterBuildGenerateSourcesEvent          
        0 мс вызовов   1 ComputeCLInputPDBName                   
        0 мс вызовов   1 FindReferenceAssembliesForReferences    
        0 мс вызовов   1 AfterBuildGenerateSources               
        0 мс вызовов   1 _Midl                                   
        0 мс вызовов   1 AfterMidl                               
        0 мс вызовов   1 GetReferencedVCProjectsInfo             
        0 мс вызовов   1 ComputeMIDLGeneratedCompileInputs       
        0 мс вызовов   1 MakeDirsForMidl                         
        0 мс вызовов   1 ComputeReferenceCLInput                 
        0 мс вызовов   1 ComputeStdModulesCompileInputs          
        0 мс вызовов   1 MakeDirsForCl                           
        0 мс вызовов   1 BuildCompileTraverse                    
        0 мс вызовов   1 BeforeClCompile                         
        1 мс вызовов   1 MakeDirsForResourceCompile              
        1 мс вызовов   1 _PrepareForBuild                        
        1 мс вызовов   1 FinalizeBuildStatus                     
        1 мс вызовов   1 ContentFilesProjectOutputGroup          
        1 мс вызовов   1 WarnCompileDuplicatedFilename           
        1 мс вызовов   1 ComputeCLOutputs                        
        1 мс вызовов   1 MakeDirsForLink                         
        1 мс вызовов   1 IncrementalClean                        
        1 мс вызовов   1 AssignProjectConfiguration              
        1 мс вызовов   1 ComputeLinkImportLibraryOutputsForClean 
        1 мс вызовов   1 _CleanGetCurrentAndPriorFileWrites      
        1 мс вызовов   1 AssignTargetPaths                       
        1 мс вызовов   1 BuiltProjectOutputGroup                 
        1 мс вызовов   1 ComputeLinkSwitches                     
        1 мс вызовов   1 AddExternalIncludDirectoriesToPaths     
        2 мс вызовов   1 InitializeBuildStatus                   
        2 мс вызовов   1 GetCopyToOutputDirectoryItems           
        3 мс вызовов   1 TlogCleanup                             
        4 мс вызовов   1 PrepareForBuild                         
        4 мс вызовов   1 SetTelemetryEnvironmentVariables        
        5 мс вызовов   1 CustomBuild                             
        7 мс вызовов   1 _CheckForInvalidConfigurationAndPlatform
        7 мс вызовов   1 FixupCLCompileOptions                   
       16 мс вызовов   1 CreateRecipeFile                        
       28 мс вызовов   1 _GetProjectReferenceTargetFrameworkProperties
      115 мс вызовов   1 Link                                    
      770 мс вызовов   1 ClCompile                               

Итоги по задачам:
        0 мс вызовов   1 WriteLinesToFile                        
        0 мс вызовов   5 FindUnderPath                           
        0 мс вызовов   1 AssignCulture                           
        0 мс вызовов   1 MSBuild                                 
        0 мс вызовов   7 AssignTargetPath                        
        0 мс вызовов   2 Delete                                  
        0 мс вызовов   2 ReadLinesFromFile                       
        1 мс вызовов  10 MakeDir                                 
        1 мс вызовов   3 Message                                 
        1 мс вызовов   2 RemoveDuplicates                        
        1 мс вызовов   1 AssignProjectConfiguration              
        1 мс вызовов   1 ConvertToAbsolutePath                   
        1 мс вызовов  11 SetEnv                                  
        1 мс вызовов   1 SetRidAgnosticValueForProjects          
        1 мс вызовов   1 CheckVCToolsetVersion                   
        2 мс вызовов   2 Touch                                   
        2 мс вызовов   2 CallTarget                              
        3 мс вызовов   1 CleanupStaleTlogItems                   
        5 мс вызовов   3 GetOutOfDateItems                       
       16 мс вызовов   1 GenerateDesktopDeployRecipe             
      114 мс вызовов   1 Link                                    
      768 мс вызовов   1 CL                                      
